{"/Users/admin/Desktop/School/College/USC/CSCI310/csci310proj2/Sprint-1/app/app.js":{"path":"/Users/admin/Desktop/School/College/USC/CSCI310/csci310proj2/Sprint-1/app/app.js","s":{"1":1,"2":1,"3":1,"4":1,"5":1,"6":1,"7":1,"8":1,"9":1,"10":1,"11":1,"12":1,"13":1,"14":1,"15":1,"16":0,"17":1,"18":1,"19":1,"20":4,"21":4,"22":1,"23":4,"24":4,"25":0,"26":4,"27":4,"28":80,"29":4,"30":0,"31":4,"32":1,"33":1},"b":{"1":[1,1],"2":[1,3],"3":[0,4],"4":[0,4]},"f":{"1":0,"2":1,"3":4,"4":4,"5":1},"fnMap":{"1":{"name":"(anonymous_1)","line":34,"loc":{"start":{"line":34,"column":13},"end":{"line":34,"column":31}}},"2":{"name":"(anonymous_2)","line":38,"loc":{"start":{"line":38,"column":23},"end":{"line":38,"column":41}}},"3":{"name":"(anonymous_3)","line":42,"loc":{"start":{"line":42,"column":31},"end":{"line":42,"column":49}}},"4":{"name":"(anonymous_4)","line":52,"loc":{"start":{"line":52,"column":7},"end":{"line":52,"column":38}}},"5":{"name":"(anonymous_5)","line":68,"loc":{"start":{"line":68,"column":47},"end":{"line":68,"column":57}}}},"statementMap":{"1":{"start":{"line":1,"column":0},"end":{"line":1,"column":33}},"2":{"start":{"line":2,"column":0},"end":{"line":2,"column":28}},"3":{"start":{"line":3,"column":0},"end":{"line":3,"column":25}},"4":{"start":{"line":4,"column":0},"end":{"line":4,"column":39}},"5":{"start":{"line":5,"column":0},"end":{"line":5,"column":32}},"6":{"start":{"line":7,"column":0},"end":{"line":14,"column":7}},"7":{"start":{"line":18,"column":0},"end":{"line":18,"column":20}},"8":{"start":{"line":19,"column":0},"end":{"line":19,"column":42}},"9":{"start":{"line":20,"column":0},"end":{"line":22,"column":4}},"10":{"start":{"line":26,"column":0},"end":{"line":26,"column":48}},"11":{"start":{"line":27,"column":0},"end":{"line":27,"column":37}},"12":{"start":{"line":28,"column":0},"end":{"line":28,"column":30}},"13":{"start":{"line":29,"column":0},"end":{"line":29,"column":56}},"14":{"start":{"line":32,"column":0},"end":{"line":32,"column":39}},"15":{"start":{"line":34,"column":0},"end":{"line":36,"column":2}},"16":{"start":{"line":35,"column":4},"end":{"line":35,"column":23}},"17":{"start":{"line":38,"column":0},"end":{"line":40,"column":2}},"18":{"start":{"line":39,"column":4},"end":{"line":39,"column":47}},"19":{"start":{"line":42,"column":0},"end":{"line":66,"column":2}},"20":{"start":{"line":43,"column":4},"end":{"line":43,"column":37}},"21":{"start":{"line":44,"column":4},"end":{"line":46,"column":5}},"22":{"start":{"line":45,"column":8},"end":{"line":45,"column":63}},"23":{"start":{"line":47,"column":4},"end":{"line":65,"column":6}},"24":{"start":{"line":53,"column":8},"end":{"line":55,"column":9}},"25":{"start":{"line":54,"column":12},"end":{"line":54,"column":48}},"26":{"start":{"line":56,"column":8},"end":{"line":56,"column":35}},"27":{"start":{"line":57,"column":8},"end":{"line":57,"column":88}},"28":{"start":{"line":57,"column":71},"end":{"line":57,"column":86}},"29":{"start":{"line":58,"column":8},"end":{"line":63,"column":9}},"30":{"start":{"line":59,"column":12},"end":{"line":59,"column":61}},"31":{"start":{"line":62,"column":12},"end":{"line":62,"column":62}},"32":{"start":{"line":68,"column":0},"end":{"line":70,"column":3}},"33":{"start":{"line":69,"column":2},"end":{"line":69,"column":69}}},"branchMap":{"1":{"line":19,"type":"binary-expr","locations":[{"start":{"line":19,"column":16},"end":{"line":19,"column":32}},{"start":{"line":19,"column":36},"end":{"line":19,"column":40}}]},"2":{"line":44,"type":"if","locations":[{"start":{"line":44,"column":4},"end":{"line":44,"column":4}},{"start":{"line":44,"column":4},"end":{"line":44,"column":4}}]},"3":{"line":53,"type":"if","locations":[{"start":{"line":53,"column":8},"end":{"line":53,"column":8}},{"start":{"line":53,"column":8},"end":{"line":53,"column":8}}]},"4":{"line":58,"type":"if","locations":[{"start":{"line":58,"column":8},"end":{"line":58,"column":8}},{"start":{"line":58,"column":8},"end":{"line":58,"column":8}}]}}}}