TN:
SF:/Users/admin/Desktop/School/College/USC/CSCI310/csci310proj2/Sprint-1/app/app.js
FN:34,(anonymous_1)
FN:38,(anonymous_2)
FN:42,(anonymous_3)
FN:52,(anonymous_4)
FN:68,(anonymous_5)
FNF:5
FNH:4
FNDA:0,(anonymous_1)
FNDA:1,(anonymous_2)
FNDA:4,(anonymous_3)
FNDA:4,(anonymous_4)
FNDA:1,(anonymous_5)
DA:1,1
DA:2,1
DA:3,1
DA:4,1
DA:5,1
DA:7,1
DA:18,1
DA:19,1
DA:20,1
DA:26,1
DA:27,1
DA:28,1
DA:29,1
DA:32,1
DA:34,1
DA:35,0
DA:38,1
DA:39,1
DA:42,1
DA:43,4
DA:44,4
DA:45,1
DA:47,4
DA:53,4
DA:54,0
DA:56,4
DA:57,80
DA:58,4
DA:59,0
DA:62,4
DA:68,1
DA:69,1
LF:32
LH:29
BRDA:19,1,0,1
BRDA:19,1,1,1
BRDA:44,2,0,1
BRDA:44,2,1,3
BRDA:53,3,0,0
BRDA:53,3,1,4
BRDA:58,4,0,0
BRDA:58,4,1,4
BRF:8
BRH:6
end_of_record
